Library/Bee/Android/Prj/Mono2x/Gradle/launcher/build/intermediates/manifest_merge_blame_file/release/manifest-merger-blame-release-report.txt
1<?xml version="1.0" encoding="utf-8"?>
2<manifest xmlns:android="http://schemas.android.com/apk/res/android"
3    package="com.Xreal.NrealMenu"
4    android:installLocation="preferExternal"
5    android:versionCode="1"
6    android:versionName="0.1" >
7
8    <uses-sdk
9        android:minSdkVersion="26"
9-->src\main\AndroidManifest.xml
10        android:targetSdkVersion="32" />
10-->src\main\AndroidManifest.xml
11
12    <supports-screens
12-->src\main\AndroidManifest.xml:4:3-163
13        android:anyDensity="true"
13-->src\main\AndroidManifest.xml:4:135-160
14        android:largeScreens="true"
14-->src\main\AndroidManifest.xml:4:78-105
15        android:normalScreens="true"
15-->src\main\AndroidManifest.xml:4:49-77
16        android:smallScreens="true"
16-->src\main\AndroidManifest.xml:4:21-48
17        android:xlargeScreens="true" />
17-->src\main\AndroidManifest.xml:4:106-134
18
19    <uses-permission android:name="android.permission.BLUETOOTH" />
19-->[:unityLibrary] AndroidManifest.xml:12:5-68
19-->[:unityLibrary] AndroidManifest.xml:12:22-65
20    <uses-permission android:name="android.permission.VIBRATE" />
20-->[:unityLibrary] AndroidManifest.xml:13:5-66
20-->[:unityLibrary] AndroidManifest.xml:13:22-63
21    <uses-permission android:name="android.permission.WRITE_EXTERNAL_STORAGE" />
21-->[:unityLibrary] AndroidManifest.xml:14:5-81
21-->[:unityLibrary] AndroidManifest.xml:14:22-78
22
23    <uses-feature android:glEsVersion="0x00030000" />
23-->[:unityLibrary] AndroidManifest.xml:16:5-54
23-->[:unityLibrary] AndroidManifest.xml:16:19-51
24    <uses-feature
24-->[:unityLibrary] AndroidManifest.xml:17:5-19:36
25        android:name="android.hardware.touchscreen"
25-->[:unityLibrary] AndroidManifest.xml:18:9-52
26        android:required="false" />
26-->[:unityLibrary] AndroidManifest.xml:19:9-33
27    <uses-feature
27-->[:unityLibrary] AndroidManifest.xml:20:5-22:36
28        android:name="android.hardware.touchscreen.multitouch"
28-->[:unityLibrary] AndroidManifest.xml:21:9-63
29        android:required="false" />
29-->[:unityLibrary] AndroidManifest.xml:22:9-33
30    <uses-feature
30-->[:unityLibrary] AndroidManifest.xml:23:5-25:36
31        android:name="android.hardware.touchscreen.multitouch.distinct"
31-->[:unityLibrary] AndroidManifest.xml:24:9-72
32        android:required="false" />
32-->[:unityLibrary] AndroidManifest.xml:25:9-33
33
34    <uses-permission android:name="android.permission.FOREGROUND_SERVICE" />
34-->[:nrunityandroidpermission:] AndroidManifest.xml:12:5-77
34-->[:nrunityandroidpermission:] AndroidManifest.xml:12:22-74
35
36    <queries>
36-->[:nr_api:] AndroidManifest.xml:11:5-15:15
37        <intent>
37-->[:nr_api:] AndroidManifest.xml:12:9-14:18
38            <action android:name="ai.nreal.nrsdk.network.type.server" />
38-->[:nr_api:] AndroidManifest.xml:13:13-73
38-->[:nr_api:] AndroidManifest.xml:13:21-70
39        </intent>
40    </queries>
41
42    <uses-permission android:name="android.permission.HIGH_SAMPLING_RATE_SENSORS" />
42-->[:nr_api:] AndroidManifest.xml:17:5-85
42-->[:nr_api:] AndroidManifest.xml:17:22-82
43
44    <application
44-->src\main\AndroidManifest.xml:3:3-83
45        android:extractNativeLibs="true"
45-->[:unityLibrary] AndroidManifest.xml:35:9-41
46        android:icon="@mipmap/app_icon"
46-->src\main\AndroidManifest.xml:3:49-80
47        android:label="@string/app_name"
47-->src\main\AndroidManifest.xml:3:16-48
48        android:theme="@style/UnityThemeSelector" >
48-->[:unityLibrary] AndroidManifest.xml:38:9-50
49        <meta-data
49-->[:unityLibrary] AndroidManifest.xml:39:9-41:36
50            android:name="nreal_sdk"
50-->[:unityLibrary] AndroidManifest.xml:40:13-37
51            android:value="true" />
51-->[:unityLibrary] AndroidManifest.xml:41:13-33
52        <meta-data
52-->[:unityLibrary] AndroidManifest.xml:42:9-44:51
53            android:name="com.nreal.supportDevices"
53-->[:unityLibrary] AndroidManifest.xml:43:13-52
54            android:value="NrealLight|NrealAir" />
54-->[:unityLibrary] AndroidManifest.xml:44:13-48
55        <meta-data
55-->[:unityLibrary] AndroidManifest.xml:45:9-47:33
56            android:name="unity.splash-mode"
56-->[:unityLibrary] AndroidManifest.xml:46:13-45
57            android:value="0" />
57-->[:unityLibrary] AndroidManifest.xml:47:13-30
58        <meta-data
58-->[:unityLibrary] AndroidManifest.xml:48:9-50:36
59            android:name="unity.splash-enable"
59-->[:unityLibrary] AndroidManifest.xml:49:13-47
60            android:value="True" />
60-->[:unityLibrary] AndroidManifest.xml:50:13-33
61        <meta-data
61-->[:unityLibrary] AndroidManifest.xml:51:9-53:36
62            android:name="unity.launch-fullscreen"
62-->[:unityLibrary] AndroidManifest.xml:52:13-51
63            android:value="True" />
63-->[:unityLibrary] AndroidManifest.xml:53:13-33
64        <meta-data
64-->[:unityLibrary] AndroidManifest.xml:54:9-56:37
65            android:name="unity.allow-resizable-window"
65-->[:unityLibrary] AndroidManifest.xml:55:13-56
66            android:value="False" />
66-->[:unityLibrary] AndroidManifest.xml:56:13-34
67        <meta-data
67-->[:unityLibrary] AndroidManifest.xml:57:9-59:50
68            android:name="notch.config"
68-->[:unityLibrary] AndroidManifest.xml:58:13-40
69            android:value="portrait|landscape" />
69-->[:unityLibrary] AndroidManifest.xml:59:13-47
70        <meta-data
70-->[:unityLibrary] AndroidManifest.xml:60:9-62:36
71            android:name="unity.auto-report-fully-drawn"
71-->[:unityLibrary] AndroidManifest.xml:61:13-57
72            android:value="true" />
72-->[:unityLibrary] AndroidManifest.xml:62:13-33
73
74        <activity
74-->[:unityLibrary] AndroidManifest.xml:64:9-81:20
75            android:name="com.unity3d.player.UnityPlayerActivity"
75-->[:unityLibrary] AndroidManifest.xml:65:13-66
76            android:configChanges="fontScale|keyboard|keyboardHidden|locale|mnc|mcc|navigation|orientation|screenLayout|screenSize|smallestScreenSize|uiMode|density"
76-->[:unityLibrary] AndroidManifest.xml:66:13-166
77            android:exported="false"
77-->[:unityLibrary] AndroidManifest.xml:67:13-37
78            android:hardwareAccelerated="false"
78-->[:unityLibrary] AndroidManifest.xml:68:13-48
79            android:label="@string/app_name"
79-->[:unityLibrary] AndroidManifest.xml:69:13-45
80            android:launchMode="singleTask"
80-->[:unityLibrary] AndroidManifest.xml:70:13-44
81            android:screenOrientation="portrait" >
81-->[:unityLibrary] AndroidManifest.xml:71:13-49
82            <intent-filter>
82-->[:unityLibrary] AndroidManifest.xml:72:13-76:29
83                <category android:name="android.intent.category.LAUNCHER" />
83-->[:unityLibrary] AndroidManifest.xml:73:17-77
83-->[:unityLibrary] AndroidManifest.xml:73:27-74
84
85                <action android:name="android.intent.action.MAIN" />
85-->[:unityLibrary] AndroidManifest.xml:75:17-69
85-->[:unityLibrary] AndroidManifest.xml:75:25-66
86            </intent-filter>
87
88            <meta-data
88-->[:unityLibrary] AndroidManifest.xml:78:13-80:40
89                android:name="notch_support"
89-->[:unityLibrary] AndroidManifest.xml:79:17-45
90                android:value="true" />
90-->[:unityLibrary] AndroidManifest.xml:80:17-37
91        </activity>
92
93        <service
93-->[:nrunityandroidpermission:] AndroidManifest.xml:15:9-19:63
94            android:name="ai.nreal.sdk.MediaProjectionService"
94-->[:nrunityandroidpermission:] AndroidManifest.xml:16:13-63
95            android:enabled="true"
95-->[:nrunityandroidpermission:] AndroidManifest.xml:17:13-35
96            android:exported="true"
96-->[:nrunityandroidpermission:] AndroidManifest.xml:18:13-36
97            android:foregroundServiceType="mediaProjection" />
97-->[:nrunityandroidpermission:] AndroidManifest.xml:19:13-60
98    </application>
99
100</manifest>